This is pdfTeX, Version 3.141592653-2.6-1.40.22 (TeX Live 2022/dev/Debian) (preloaded format=pdflatex 2025.8.11)  13 AUG 2025 23:16
entering extended mode
 restricted \write18 enabled.
 %&-line parsing enabled.
**timeslip-paradox.tex
(./timeslip-paradox.tex
LaTeX2e <2021-11-15> patch level 1
L3 programming layer <2022-01-21>
(/usr/share/texlive/texmf-dist/tex/latex/base/article.cls
Document Class: article 2021/10/04 v1.4n Standard LaTeX document class
(/usr/share/texlive/texmf-dist/tex/latex/base/size10.clo
File: size10.clo 2021/10/04 v1.4n Standard LaTeX file (size option)
)
\c@part=\count185
\c@section=\count186
\c@subsection=\count187
\c@subsubsection=\count188
\c@paragraph=\count189
\c@subparagraph=\count190
\c@figure=\count191
\c@table=\count192
\abovecaptionskip=\skip47
\belowcaptionskip=\skip48
\bibindent=\dimen138
)
(/usr/share/texlive/texmf-dist/tex/latex/base/inputenc.sty
Package: inputenc 2021/02/14 v1.3d Input encoding file
\inpenc@prehook=\toks16
\inpenc@posthook=\toks17
)
(/usr/share/texlive/texmf-dist/tex/latex/base/fontenc.sty
Package: fontenc 2021/04/29 v2.0v Standard LaTeX package
)
(/usr/share/texlive/texmf-dist/tex/latex/geometry/geometry.sty
Package: geometry 2020/01/02 v5.9 Page Geometry

(/usr/share/texlive/texmf-dist/tex/latex/graphics/keyval.sty
Package: keyval 2014/10/28 v1.15 key=value parser (DPC)
\KV@toks@=\toks18
)
(/usr/share/texlive/texmf-dist/tex/generic/iftex/ifvtex.sty
Package: ifvtex 2019/10/25 v1.7 ifvtex legacy package. Use iftex instead.

(/usr/share/texlive/texmf-dist/tex/generic/iftex/iftex.sty
Package: iftex 2020/03/06 v1.0d TeX engine tests
))
\Gm@cnth=\count193
\Gm@cntv=\count194
\c@Gm@tempcnt=\count195
\Gm@bindingoffset=\dimen139
\Gm@wd@mp=\dimen140
\Gm@odd@mp=\dimen141
\Gm@even@mp=\dimen142
\Gm@layoutwidth=\dimen143
\Gm@layoutheight=\dimen144
\Gm@layouthoffset=\dimen145
\Gm@layoutvoffset=\dimen146
\Gm@dimlist=\toks19
)
(/usr/share/texlive/texmf-dist/tex/latex/paracol/paracol.sty
Package: paracol 2018/12/31 v1.35 
\pcol@currcol=\count196
\pcol@nextcol=\count197
\pcol@ncol=\count198
\pcol@ncolleft=\count199
\pcol@page=\count266
\pcol@basepage=\count267
\pcol@toppage=\count268
\pcol@footnotebase=\count269
\pcol@nfootnotes=\count270
\pcol@mcid=\count271
\pcol@prevdepth=\dimen147
\pcol@colht=\dimen148
\pcol@textfloatsep=\dimen149
\pcol@lrmargin=\dimen150
\pagerim=\dimen151
\pcol@topskip=\skip49
\belowfootnoteskip=\skip50
\pcol@topfnotes=\box50
\pcol@prespan=\box51
\pcol@rightpage=\box52
\pcol@colorstack@saved=\box53
\pcol@tempboxa=\box54
\pcol@tempboxb=\box55
\pcol@colorins=\insert252
\pcol@everyvbox=\toks20
)
(/usr/share/texlive/texmf-dist/tex/latex/enumitem/enumitem.sty
Package: enumitem 2019/06/20 v3.9 Customized lists
\labelindent=\skip51
\enit@outerparindent=\dimen152
\enit@toks=\toks21
\enit@inbox=\box56
\enit@count@id=\count272
\enitdp@description=\count273
)
(/usr/share/texlive/texmf-dist/tex/latex/sectsty/sectsty.sty
Package: sectsty 2002/02/25 v2.0.2 Commands to change all sectional heading sty
les


LaTeX Warning: Command \underbar  has changed.
               Check if current package is valid.


LaTeX Warning: Command \underline  has changed.
               Check if current package is valid.

) (/usr/share/texlive/texmf-dist/tex/latex/graphics/graphicx.sty
Package: graphicx 2021/09/16 v1.2d Enhanced LaTeX Graphics (DPC,SPQR)

(/usr/share/texlive/texmf-dist/tex/latex/graphics/graphics.sty
Package: graphics 2021/03/04 v1.4d Standard LaTeX Graphics (DPC,SPQR)

(/usr/share/texlive/texmf-dist/tex/latex/graphics/trig.sty
Package: trig 2021/08/11 v1.11 sin cos tan (DPC)
)
(/usr/share/texlive/texmf-dist/tex/latex/graphics-cfg/graphics.cfg
File: graphics.cfg 2016/06/04 v1.11 sample graphics configuration
)
Package graphics Info: Driver file: pdftex.def on input line 107.

(/usr/share/texlive/texmf-dist/tex/latex/graphics-def/pdftex.def
File: pdftex.def 2020/10/05 v1.2a Graphics/color driver for pdftex
))
\Gin@req@height=\dimen153
\Gin@req@width=\dimen154
)
(/usr/share/texlive/texmf-dist/tex/latex/caption/caption.sty
Package: caption 2020/10/26 v3.5g Customizing captions (AR)

(/usr/share/texlive/texmf-dist/tex/latex/caption/caption3.sty
Package: caption3 2020/10/21 v2.2e caption3 kernel (AR)
\captionmargin=\dimen155
\captionmargin@=\dimen156
\captionwidth=\dimen157
\caption@tempdima=\dimen158
\caption@indent=\dimen159
\caption@parindent=\dimen160
\caption@hangindent=\dimen161
Package caption Info: Standard document class detected.
)
\c@caption@flags=\count274
\c@continuedfloat=\count275
)
(/usr/share/texlive/texmf-dist/tex/latex/xcolor/xcolor.sty
Package: xcolor 2021/10/31 v2.13 LaTeX color extensions (UK)

(/usr/share/texlive/texmf-dist/tex/latex/graphics-cfg/color.cfg
File: color.cfg 2016/01/02 v1.6 sample color configuration
)
Package xcolor Info: Driver file: pdftex.def on input line 227.
Package xcolor Info: Model `cmy' substituted by `cmy0' on input line 1352.
Package xcolor Info: Model `hsb' substituted by `rgb' on input line 1356.
Package xcolor Info: Model `RGB' extended on input line 1368.
Package xcolor Info: Model `HTML' substituted by `rgb' on input line 1370.
Package xcolor Info: Model `Hsb' substituted by `hsb' on input line 1371.
Package xcolor Info: Model `tHsb' substituted by `hsb' on input line 1372.
Package xcolor Info: Model `HSB' substituted by `hsb' on input line 1373.
Package xcolor Info: Model `Gray' substituted by `gray' on input line 1374.
Package xcolor Info: Model `wave' substituted by `hsb' on input line 1375.
)
(/usr/share/texlive/texmf-dist/tex/latex/titlesec/titlesec.sty
Package: titlesec 2021/07/05 v2.14 Sectioning titles
\ttl@box=\box57
\beforetitleunit=\skip52
\aftertitleunit=\skip53
\ttl@plus=\dimen162
\ttl@minus=\dimen163
\ttl@toksa=\toks22
\titlewidth=\dimen164
\titlewidthlast=\dimen165
\titlewidthfirst=\dimen166
)
(/usr/share/texlive/texmf-dist/tex/latex/noto/noto.sty
Package: noto 2021/09/06 (Bob Tennent) Supports Noto fonts for all LaTeX engine
s.

(/usr/share/texlive/texmf-dist/tex/generic/iftex/ifxetex.sty
Package: ifxetex 2019/10/25 v0.7 ifxetex legacy package. Use iftex instead.
)
(/usr/share/texlive/texmf-dist/tex/generic/iftex/ifluatex.sty
Package: ifluatex 2019/10/25 v1.5 ifluatex legacy package. Use iftex instead.
)
(/usr/share/texlive/texmf-dist/tex/latex/xkeyval/xkeyval.sty
Package: xkeyval 2020/11/20 v2.8 package option processing (HA)

(/usr/share/texlive/texmf-dist/tex/generic/xkeyval/xkeyval.tex
(/usr/share/texlive/texmf-dist/tex/generic/xkeyval/xkvutils.tex
\XKV@toks=\toks23
\XKV@tempa@toks=\toks24
)
\XKV@depth=\count276
File: xkeyval.tex 2014/12/03 v2.7a key=value parser (HA)
))
(/usr/share/texlive/texmf-dist/tex/latex/base/textcomp.sty
Package: textcomp 2020/02/02 v2.0n Standard LaTeX package
)
(/usr/share/texlive/texmf-dist/tex/latex/base/fontenc.sty
Package: fontenc 2021/04/29 v2.0v Standard LaTeX package
)
(/usr/share/texlive/texmf-dist/tex/latex/fontaxes/fontaxes.sty
Package: fontaxes 2020/07/21 v1.0e Font selection axes
LaTeX Info: Redefining \upshape on input line 29.
LaTeX Info: Redefining \itshape on input line 31.
LaTeX Info: Redefining \slshape on input line 33.
LaTeX Info: Redefining \swshape on input line 35.
LaTeX Info: Redefining \scshape on input line 37.
LaTeX Info: Redefining \sscshape on input line 39.
LaTeX Info: Redefining \ulcshape on input line 41.
LaTeX Info: Redefining \textsw on input line 47.
LaTeX Info: Redefining \textssc on input line 48.
LaTeX Info: Redefining \textulc on input line 49.
))
(/usr/share/texlive/texmf-dist/tex/latex/parskip/parskip.sty
Package: parskip 2021-03-14 v2.0h non-zero parskip adjustments

(/usr/share/texlive/texmf-dist/tex/latex/kvoptions/kvoptions.sty
Package: kvoptions 2020-10-07 v3.14 Key value format for package options (HO)

(/usr/share/texlive/texmf-dist/tex/generic/ltxcmds/ltxcmds.sty
Package: ltxcmds 2020-05-10 v1.25 LaTeX kernel commands for general use (HO)
)
(/usr/share/texlive/texmf-dist/tex/generic/kvsetkeys/kvsetkeys.sty
Package: kvsetkeys 2019/12/15 v1.18 Key value parser (HO)
))
(/usr/share/texlive/texmf-dist/tex/latex/etoolbox/etoolbox.sty
Package: etoolbox 2020/10/05 v2.5k e-TeX tools for LaTeX (JAW)
\etb@tempcnta=\count277
))
LaTeX Font Info:    Trying to load font information for T1+NotoSerif-TLF on inp
ut line 23.

(/usr/share/texlive/texmf-dist/tex/latex/noto/T1NotoSerif-TLF.fd
File: T1NotoSerif-TLF.fd 2021/09/07 (autoinst) Font definitions for T1/NotoSeri
f-TLF.
)
(/usr/share/texlive/texmf-dist/tex/latex/l3backend/l3backend-pdftex.def
File: l3backend-pdftex.def 2022-01-12 L3 backend support: PDF output (pdfTeX)
\l__color_backend_stack_int=\count278
\l__pdf_internal_box=\box58
)
No file timeslip-paradox.aux.
\openout1 = `timeslip-paradox.aux'.

LaTeX Font Info:    Checking defaults for OML/cmm/m/it on input line 23.
LaTeX Font Info:    ... okay on input line 23.
LaTeX Font Info:    Checking defaults for OMS/cmsy/m/n on input line 23.
LaTeX Font Info:    ... okay on input line 23.
LaTeX Font Info:    Checking defaults for OT1/cmr/m/n on input line 23.
LaTeX Font Info:    ... okay on input line 23.
LaTeX Font Info:    Checking defaults for T1/cmr/m/n on input line 23.
LaTeX Font Info:    ... okay on input line 23.
LaTeX Font Info:    Checking defaults for TS1/cmr/m/n on input line 23.
LaTeX Font Info:    ... okay on input line 23.
LaTeX Font Info:    Checking defaults for OMX/cmex/m/n on input line 23.
LaTeX Font Info:    ... okay on input line 23.
LaTeX Font Info:    Checking defaults for U/cmr/m/n on input line 23.
LaTeX Font Info:    ... okay on input line 23.
*geometry* driver: auto-detecting
*geometry* detected driver: pdftex
*geometry* verbose mode - [ preamble ] result:
* driver: pdftex
* paper: letterpaper
* layout: <same size as paper>
* layoutoffset:(h,v)=(0.0pt,0.0pt)
* modes: 
* h-part:(L,W,R)=(54.2025pt, 505.89pt, 54.2025pt)
* v-part:(T,H,B)=(54.2025pt, 686.56499pt, 54.2025pt)
* \paperwidth=614.295pt
* \paperheight=794.96999pt
* \textwidth=505.89pt
* \textheight=686.56499pt
* \oddsidemargin=-18.06749pt
* \evensidemargin=-18.06749pt
* \topmargin=-55.06749pt
* \headheight=12.0pt
* \headsep=25.0pt
* \topskip=10.0pt
* \footskip=30.0pt
* \marginparwidth=65.0pt
* \marginparsep=11.0pt
* \columnsep=10.0pt
* \skip\footins=9.0pt plus 4.0pt minus 2.0pt
* \hoffset=0.0pt
* \voffset=0.0pt
* \mag=1000
* \@twocolumnfalse
* \@twosidefalse
* \@mparswitchfalse
* \@reversemarginfalse
* (1in=72.27pt=25.4mm, 1cm=28.453pt)

(/usr/share/texlive/texmf-dist/tex/context/base/mkii/supp-pdf.mkii
[Loading MPS to PDF converter (version 2006.09.02).]
\scratchcounter=\count279
\scratchdimen=\dimen167
\scratchbox=\box59
\nofMPsegments=\count280
\nofMParguments=\count281
\everyMPshowfont=\toks25
\MPscratchCnt=\count282
\MPscratchDim=\dimen168
\MPnumerator=\count283
\makeMPintoPDFobject=\count284
\everyMPtoPDFconversion=\toks26
) (/usr/share/texlive/texmf-dist/tex/latex/epstopdf-pkg/epstopdf-base.sty
Package: epstopdf-base 2020-01-24 v2.11 Base part for package epstopdf
Package epstopdf-base Info: Redefining graphics rule for `.eps' on input line 4
85.

(/usr/share/texlive/texmf-dist/tex/latex/latexconfig/epstopdf-sys.cfg
File: epstopdf-sys.cfg 2010/07/13 v1.3 Configuration of (r)epstopdf for TeX Liv
e
))
Package caption Info: Begin \AtBeginDocument code.
Package caption Info: End \AtBeginDocument code.
\c@mv@tabular=\count285
\c@mv@boldtabular=\count286


LaTeX Warning: File `title_image.jpg' not found on input line 30.


! Package pdftex.def Error: File `title_image.jpg' not found: using draft setti
ng.

See the pdftex.def package documentation for explanation.
Type  H <return>  for immediate help.
 ...                                              
                                                  
l.30 ...hics[width=0.8\textwidth]{title_image.jpg}
                                                   % Placeholder for title i...

? 
LaTeX Font Info:    Trying to load font information for T1+NotoSansMono-TLF on 
input line 30.
(/usr/share/texlive/texmf-dist/tex/latex/noto/T1NotoSansMono-TLF.fd
File: T1NotoSansMono-TLF.fd 2021/09/07 (autoinst) Font definitions for T1/NotoS
ansMono-TLF.
)
LaTeX Font Info:    Font shape `T1/NotoSansMono-TLF/m/n' will be
(Font)              scaled to size 10.0pt on input line 30.

Overfull \hbox (2.33597pt too wide) in paragraph at lines 37--38
\T1/NotoSerif-TLF/m/n/10 tion se-ries, blend-ing an-thro-po-log-i-cal satire wi
th high-
 []


Overfull \hbox (13.22192pt too wide) in paragraph at lines 37--38
\T1/NotoSerif-TLF/m/n/10 son Scott Card's En-der Saga, it fol-lows COMCON-2 eth
no-
 []


Overfull \hbox (11.38962pt too wide) in paragraph at lines 39--40
\T1/NotoSerif-TLF/m/n/10 com-pan-ion apps^^Vallow au-di-ences to sim-u-late Max
im's
 []


Overfull \hbox (8.24657pt too wide) in paragraph at lines 39--40
\T1/NotoSerif-TLF/m/n/10 mer-sive para-cosm. With a budget-friendly mix of prac
-
 []


Overfull \hbox (8.376pt too wide) in paragraph at lines 39--40
\T1/NotoSerif-TLF/m/n/10 tle sci-fi en-hance-ments, Times-lip promises deep wor
ld-
 []


Overfull \hbox (0.65883pt too wide) in paragraph at lines 41--42
[]\T1/NotoSerif-TLF/m/n/10 Target Au-di-ence: Fans of \T1/NotoSerif-TLF/m/it/10
 The Ex-panse\T1/NotoSerif-TLF/m/n/10 , \T1/NotoSerif-TLF/m/it/10 Sev-er-ance\T
1/NotoSerif-TLF/m/n/10 , and
 []

LaTeX Font Info:    Trying to load font information for TS1+NotoSerif-TLF on in
put line 45.
(/usr/share/texlive/texmf-dist/tex/latex/noto/TS1NotoSerif-TLF.fd
File: TS1NotoSerif-TLF.fd 2021/09/07 (autoinst) Font definitions for TS1/NotoSe
rif-TLF.
)
Overfull \hbox (5.55603pt too wide) in paragraph at lines 46--47
[]\T1/NotoSerif-TLF/m/n/10 Visual In-no-va-tion: Over-the-top filth aes-thet-ic
s meet
 []


Overfull \hbox (4.81606pt too wide) in paragraph at lines 47--48
[]\T1/NotoSerif-TLF/m/n/10 Interactive Tie-In: Viewer de-ci-sions in-flu-ence c
anon
 []


Overfull \hbox (7.55295pt too wide) in paragraph at lines 53--54
\T1/NotoSerif-TLF/m/n/10 screen tech-niques high-light par-al-lels, while non-l
inear
 []


Overfull \hbox (11.63145pt too wide) in paragraph at lines 55--59
[]\T1/NotoSerif-TLF/m/n/10 Pilot Script High-lights: - Teaser: Or-bital drop in
to Tower
 []


Overfull \hbox (5.25897pt too wide) in paragraph at lines 61--65
\T1/NotoSerif-TLF/m/n/10 u-la-tions, sync-ing with episode codes for al-ter-nat
e end-
 []


LaTeX Warning: File `tech_image1.jpg' not found on input line 67.


! Package pdftex.def Error: File `tech_image1.jpg' not found: using draft setti
ng.

See the pdftex.def package documentation for explanation.
Type  H <return>  for immediate help.
 ...                                              
                                                  
l.67 ...ics[width=0.45\textwidth]{tech_image1.jpg}
                                                   % Placeholder for tech ov...

? 

Overfull \hbox (21.19888pt too wide) in paragraph at lines 72--76
\T1/NotoSerif-TLF/m/n/10 ro-log-i-cal sig-nals; no screens, voice-only ra-dios.
 - \T1/NotoSerif-TLF/b/n/10 Nanobot
 []


Overfull \hbox (24.64809pt too wide) in paragraph at lines 72--76
\T1/NotoSerif-TLF/b/n/10 Im-mu-nity\T1/NotoSerif-TLF/m/n/10 : Al-lows Maxim to 
en-dure filth/disease; scripted
 []


Overfull \hbox (4.6322pt too wide) in paragraph at lines 72--76
\T1/NotoSerif-TLF/m/n/10 AI net-works. - \T1/NotoSerif-TLF/b/n/10 Ankyra Bea-co
ns\T1/NotoSerif-TLF/m/n/10 : Hid-den ar-rays mimic
 []


Overfull \hbox (0.483pt too wide) in paragraph at lines 80--81
\T1/NotoSerif-TLF/m/n/10 Maxim Kam-merer, a COMCON-2 ethno-g-ra-pher raised
 []


LaTeX Warning: File `premise_image.jpg' not found on input line 83.


! Package pdftex.def Error: File `premise_image.jpg' not found: using draft set
ting.

See the pdftex.def package documentation for explanation.
Type  H <return>  for immediate help.
 ...                                              
                                                  
l.83 ...s[width=0.45\textwidth]{premise_image.jpg}
                                                   % Placeholder for premise...

? 
[1

{/var/lib/texmf/fonts/map/pdftex/updmap/pdftex.map}]
Overfull \hbox (6.27809pt too wide) in paragraph at lines 97--105
\T1/NotoSerif-TLF/m/n/10 - \T1/NotoSerif-TLF/b/n/10 Maxim Kam-merer\T1/NotoSeri
f-TLF/m/n/10 : Adapt-able ob-server; moral scars
 []


Overfull \hbox (3.34206pt too wide) in paragraph at lines 97--105
\T1/NotoSerif-TLF/m/n/10 pas-sion-ate but frag-ile. - \T1/NotoSerif-TLF/b/n/10 
Shavri\T1/NotoSerif-TLF/m/n/10 : Es-caped weaver; Out-
 []


LaTeX Warning: File `characters_image.jpg' not found on input line 107.


! Package pdftex.def Error: File `characters_image.jpg' not found: using draft 
setting.

See the pdftex.def package documentation for explanation.
Type  H <return>  for immediate help.
 ...                                              
                                                  
l.107 ...dth=0.45\textwidth]{characters_image.jpg}
                                                   % Placeholder for charact...

? 
[2]

LaTeX Warning: File `season1_image.jpg' not found on input line 142.


! Package pdftex.def Error: File `season1_image.jpg' not found: using draft set
ting.

See the pdftex.def package documentation for explanation.
Type  H <return>  for immediate help.
 ...                                              
                                                  
l.142 ...[width=0.45\textwidth]{season1_image.jpg}
                                                   % Placeholder for Season ...

? 

LaTeX Warning: File `ankyra_image.jpg' not found on input line 189.


! Package pdftex.def Error: File `ankyra_image.jpg' not found: using draft sett
ing.

See the pdftex.def package documentation for explanation.
Type  H <return>  for immediate help.
 ...                                              
                                                  
l.189 ...s[width=0.45\textwidth]{ankyra_image.jpg}
                                                   % Placeholder for Ankyra art

? 
[3] [4] [5] (./timeslip-paradox.aux) ) 
Here is how much of TeX's memory you used:
 8176 strings out of 478287
 160843 string characters out of 5849289
 430023 words of memory out of 5000000
 26287 multiletter control sequences out of 15000+600000
 508137 words of font info for 49 fonts, out of 8000000 for 9000
 1141 hyphenation exceptions out of 8191
 55i,6n,63p,1205b,896s stack positions out of 5000i,500n,10000p,200000b,80000s
{/usr/share/texlive/texmf-dist/fonts/enc/
dvips/noto/a_honops.enc}{/usr/share/texlive/texmf-dist/fonts/enc/dvips/noto/a_m
z6bs5.enc}{/usr/share/texlive/texmf-dist/fonts/enc/dvips/noto/a_cwvxtj.enc}</us
r/share/texlive/texmf-dist/fonts/type1/google/noto/NotoSansMono-Regular.pfb></u
sr/share/texlive/texmf-dist/fonts/type1/google/noto/NotoSerif-Bold.pfb></usr/sh
are/texlive/texmf-dist/fonts/type1/google/noto/NotoSerif-Italic.pfb></usr/share
/texlive/texmf-dist/fonts/type1/google/noto/NotoSerif-Regular.pfb>
Output written on timeslip-paradox.pdf (5 pages, 81848 bytes).
PDF statistics:
 46 PDF objects out of 1000 (max. 8388607)
 29 compressed objects within 1 object stream
 0 named destinations out of 1000 (max. 500000)
 1 words of extra memory for PDF output out of 10000 (max. 10000000)

